0 verbose cli /usr/local/bin/node /usr/local/bin/npm
1 info using npm@11.9.0
2 info using node@v24.14.0
3 silly config load:file:/usr/local/lib/node_modules/npm/npmrc
4 silly config load:file:/Users/say10/Documents/AI Projects/AI Projects/Coffee Ai Oportunidades/crak-landing/.npmrc
5 silly config load:file:/Users/say10/.npmrc
6 verbose config error loading user config Error: EPERM: operation not permitted, open '/Users/say10/.npmrc'
6 verbose config     at async open (node:internal/fs/promises:637:25)
6 verbose config     at async readFile (node:internal/fs/promises:1269:14)
6 verbose config     at async #loadFile (/usr/local/lib/node_modules/npm/node_modules/@npmcli/config/lib/index.js:641:5)
6 verbose config     at async Config.load (/usr/local/lib/node_modules/npm/node_modules/@npmcli/config/lib/index.js:265:5)
6 verbose config     at async #load (/usr/local/lib/node_modules/npm/lib/npm.js:99:5)
6 verbose config     at async Npm.load (/usr/local/lib/node_modules/npm/lib/npm.js:81:14)
6 verbose config     at async module.exports (/usr/local/lib/node_modules/npm/lib/cli/entry.js:35:37) {
6 verbose config   errno: -1,
6 verbose config   code: 'EPERM',
6 verbose config   syscall: 'open',
6 verbose config   path: '/Users/say10/.npmrc'
6 verbose config }
7 silly config load:file:/usr/local/etc/npmrc
8 verbose title npm install lucide-react framer-motion
9 verbose argv "install" "--cache" ".npm-cache@latest" "--save-dev" "lucide-react" "framer-motion"
10 verbose logfile logs-max:10 dir:/Users/say10/Documents/AI Projects/AI Projects/Coffee Ai Oportunidades/crak-landing/.npm-cache@latest/_logs/2026-04-09T20_39_48_514Z-
11 verbose logfile /Users/say10/Documents/AI Projects/AI Projects/Coffee Ai Oportunidades/crak-landing/.npm-cache@latest/_logs/2026-04-09T20_39_48_514Z-debug-0.log
12 silly logfile done cleaning log files
13 silly packumentCache heap:4496293888 maxSize:1124073472 maxEntrySize:562036736
14 warn idealTree Removing dependencies.lucide-react in favor of devDependencies.lucide-react
15 warn idealTree Removing dependencies.framer-motion in favor of devDependencies.framer-motion
16 silly idealTree buildDeps
17 silly fetch manifest lucide-react@*
18 silly packumentCache full:https://registry.npmjs.org/lucide-react cache-miss
19 http fetch GET 200 https://registry.npmjs.org/lucide-react 508ms (cache miss)
20 silly packumentCache full:https://registry.npmjs.org/lucide-react set size:undefined disposed:false
21 silly fetch manifest react@^19.2.4
22 silly packumentCache full:https://registry.npmjs.org/react cache-miss
23 http fetch GET 200 https://registry.npmjs.org/npm 557ms
24 http fetch GET 200 https://registry.npmjs.org/react 290ms (cache miss)
25 silly packumentCache full:https://registry.npmjs.org/react set size:undefined disposed:false
26 silly fetch manifest framer-motion@*
27 silly packumentCache full:https://registry.npmjs.org/framer-motion cache-miss
28 http fetch GET 200 https://registry.npmjs.org/framer-motion 267ms (cache miss)
29 silly packumentCache full:https://registry.npmjs.org/framer-motion set size:undefined disposed:false
30 silly fetch manifest @emotion/is-prop-valid@*
31 silly packumentCache full:https://registry.npmjs.org/@emotion%2fis-prop-valid cache-miss
32 http fetch GET 200 https://registry.npmjs.org/@emotion%2fis-prop-valid 120ms (cache miss)
33 silly packumentCache full:https://registry.npmjs.org/@emotion%2fis-prop-valid set size:undefined disposed:false
34 silly fetch manifest react-dom@^19.2.4
35 silly packumentCache full:https://registry.npmjs.org/react-dom cache-miss
36 http fetch GET 200 https://registry.npmjs.org/react-dom 194ms (cache miss)
37 silly packumentCache full:https://registry.npmjs.org/react-dom set size:undefined disposed:false
38 silly placeDep ROOT framer-motion@12.38.0 REPLACE for: crak-landing@0.0.0 want: *
39 silly placeDep ROOT lucide-react@1.8.0 REPLACE for: crak-landing@0.0.0 want: *
40 silly reify moves {}
41 silly audit bulk request {
41 silly audit   '@babel/code-frame': [ '7.29.0' ],
41 silly audit   '@babel/compat-data': [ '7.29.0' ],
41 silly audit   '@babel/core': [ '7.29.0' ],
41 silly audit   '@jridgewell/gen-mapping': [ '0.3.13' ],
41 silly audit   '@jridgewell/remapping': [ '2.3.5' ],
41 silly audit   '@jridgewell/resolve-uri': [ '3.1.2' ],
41 silly audit   '@jridgewell/sourcemap-codec': [ '1.5.5' ],
41 silly audit   '@jridgewell/trace-mapping': [ '0.3.31' ],
41 silly audit   json5: [ '2.2.3' ],
41 silly audit   '@babel/generator': [ '7.29.1' ],
41 silly audit   '@babel/helper-compilation-targets': [ '7.28.6' ],
41 silly audit   '@babel/helper-globals': [ '7.28.0' ],
41 silly audit   '@babel/helper-module-imports': [ '7.28.6' ],
41 silly audit   '@babel/helper-module-transforms': [ '7.28.6' ],
41 silly audit   '@babel/helper-string-parser': [ '7.27.1' ],
41 silly audit   '@babel/helper-validator-identifier': [ '7.28.5' ],
41 silly audit   '@babel/helper-validator-option': [ '7.27.1' ],
41 silly audit   '@babel/helpers': [ '7.29.2' ],
41 silly audit   '@babel/parser': [ '7.29.2' ],
41 silly audit   '@babel/template': [ '7.28.6' ],
41 silly audit   '@babel/traverse': [ '7.29.0' ],
41 silly audit   '@babel/types': [ '7.29.0' ],
41 silly audit   '@eslint-community/eslint-utils': [ '4.9.1' ],
41 silly audit   'eslint-visitor-keys': [ '3.4.3', '5.0.1', '4.2.1' ],
41 silly audit   '@eslint-community/regexpp': [ '4.12.2' ],
41 silly audit   '@eslint/js': [ '9.39.4' ],
41 silly audit   '@oxc-project/types': [ '0.124.0' ],
41 silly audit   '@rolldown/binding-android-arm64': [ '1.0.0-rc.15' ],
41 silly audit   '@rolldown/binding-darwin-arm64': [ '1.0.0-rc.15' ],
41 silly audit   '@rolldown/binding-darwin-x64': [ '1.0.0-rc.15' ],
41 silly audit   '@rolldown/binding-freebsd-x64': [ '1.0.0-rc.15' ],
41 silly audit   '@rolldown/binding-linux-arm-gnueabihf': [ '1.0.0-rc.15' ],
41 silly audit   '@rolldown/binding-linux-arm64-gnu': [ '1.0.0-rc.15' ],
41 silly audit   '@rolldown/binding-linux-arm64-musl': [ '1.0.0-rc.15' ],
41 silly audit   '@rolldown/binding-linux-ppc64-gnu': [ '1.0.0-rc.15' ],
41 silly audit   '@rolldown/binding-linux-s390x-gnu': [ '1.0.0-rc.15' ],
41 silly audit   '@rolldown/binding-linux-x64-gnu': [ '1.0.0-rc.15' ],
41 silly audit   '@rolldown/binding-linux-x64-musl': [ '1.0.0-rc.15' ],
41 silly audit   '@rolldown/binding-openharmony-arm64': [ '1.0.0-rc.15' ],
41 silly audit   '@rolldown/binding-wasm32-wasi': [ '1.0.0-rc.15' ],
41 silly audit   '@emnapi/core': [ '1.9.2' ],
41 silly audit   '@emnapi/runtime': [ '1.9.2' ],
41 silly audit   '@emnapi/wasi-threads': [ '1.2.1' ],
41 silly audit   '@napi-rs/wasm-runtime': [ '1.1.3' ],
41 silly audit   '@tybys/wasm-util': [ '0.10.1' ],
41 silly audit   '@rolldown/binding-win32-arm64-msvc': [ '1.0.0-rc.15' ],
41 silly audit   '@rolldown/binding-win32-x64-msvc': [ '1.0.0-rc.15' ],
41 silly audit   '@rolldown/pluginutils': [ '1.0.0-rc.7', '1.0.0-rc.15' ],
41 silly audit   '@tailwindcss/node': [ '4.2.2' ],
41 silly audit   'magic-string': [ '0.30.21' ],
41 silly audit   '@tailwindcss/oxide': [ '4.2.2' ],
41 silly audit   '@tailwindcss/oxide-android-arm64': [ '4.2.2' ],
41 silly audit   '@tailwindcss/oxide-darwin-arm64': [ '4.2.2' ],
41 silly audit   '@tailwindcss/oxide-darwin-x64': [ '4.2.2' ],
41 silly audit   '@tailwindcss/oxide-freebsd-x64': [ '4.2.2' ],
41 silly audit   '@tailwindcss/oxide-linux-arm-gnueabihf': [ '4.2.2' ],
41 silly audit   '@tailwindcss/oxide-linux-arm64-gnu': [ '4.2.2' ],
41 silly audit   '@tailwindcss/oxide-linux-arm64-musl': [ '4.2.2' ],
41 silly audit   '@tailwindcss/oxide-linux-x64-gnu': [ '4.2.2' ],
41 silly audit   '@tailwindcss/oxide-linux-x64-musl': [ '4.2.2' ],
41 silly audit   '@tailwindcss/oxide-wasm32-wasi': [ '4.2.2' ],
41 silly audit   '@tailwindcss/oxide-win32-arm64-msvc': [ '4.2.2' ],
41 silly audit   '@tailwindcss/oxide-win32-x64-msvc': [ '4.2.2' ],
41 silly audit   '@tailwindcss/vite': [ '4.2.2' ],
41 silly audit   '@types/canvas-confetti': [ '1.9.0' ],
41 silly audit   '@types/estree': [ '1.0.8' ],
41 silly audit   '@types/json-schema': [ '7.0.15' ],
41 silly audit   '@types/node': [ '24.12.2' ],
41 silly audit   '@types/react': [ '19.2.14' ],
41 silly audit   '@types/react-dom': [ '19.2.3' ],
41 silly audit   '@typescript-eslint/eslint-plugin': [ '8.58.1' ],
41 silly audit   '@typescript-eslint/scope-manager': [ '8.58.1' ],
41 silly audit   '@typescript-eslint/type-utils': [ '8.58.1' ],
41 silly audit   '@typescript-eslint/types': [ '8.58.1' ],
41 silly audit   '@typescript-eslint/visitor-keys': [ '8.58.1' ],
41 silly audit   ignore: [ '7.0.5', '5.3.2' ],
41 silly audit   '@typescript-eslint/parser': [ '8.58.1' ],
41 silly audit   '@typescript-eslint/typescript-estree': [ '8.58.1' ],
41 silly audit   '@typescript-eslint/project-service': [ '8.58.1' ],
41 silly audit   '@typescript-eslint/tsconfig-utils': [ '8.58.1' ],
41 silly audit   'balanced-match': [ '4.0.4', '1.0.2' ],
41 silly audit   'brace-expansion': [ '5.0.5', '1.1.12' ],
41 silly audit   fdir: [ '6.5.0' ],
41 silly audit   minimatch: [ '10.2.5', '3.1.5' ],
41 silly audit   semver: [ '7.7.4', '6.3.1' ],
41 silly audit   tinyglobby: [ '0.2.16' ],
41 silly audit   '@typescript-eslint/utils': [ '8.58.1' ],
41 silly audit   '@vitejs/plugin-react': [ '6.0.1' ],
41 silly audit   acorn: [ '8.16.0' ],
41 silly audit   'acorn-jsx': [ '5.3.2' ],
41 silly audit   'ansi-styles': [ '4.3.0' ],
41 silly audit   argparse: [ '2.0.1' ],
41 silly audit   browserslist: [ '4.28.1' ],
41 silly audit   'baseline-browser-mapping': [ '2.10.17' ],
41 silly audit   'caniuse-lite': [ '1.0.30001787' ],
41 silly audit   callsites: [ '3.1.0' ],
41 silly audit   'canvas-confetti': [ '1.9.4' ],
41 silly audit   chalk: [ '4.1.2' ],
41 silly audit   clsx: [ '2.1.1' ],
41 silly audit   'color-convert': [ '2.0.1' ],
41 silly audit   'color-name': [ '1.1.4' ],
41 silly audit   'concat-map': [ '0.0.1' ],
41 silly audit   'convert-source-map': [ '2.0.0' ],
41 silly audit   'cross-spawn': [ '7.0.6' ],
41 silly audit   csstype: [ '3.2.3' ],
41 silly audit   debug: [ '4.4.3' ],
41 silly audit   'deep-is': [ '0.1.4' ],
41 silly audit   'detect-libc': [ '2.1.2' ],
41 silly audit   'electron-to-chromium': [ '1.5.325' ],
41 silly audit   'enhanced-resolve': [ '5.20.1' ],
41 silly audit   'escape-string-regexp': [ '4.0.0' ],
41 silly audit   eslint: [ '9.39.4' ],
41 silly audit   'eslint-plugin-react-hooks': [ '7.0.1' ],
41 silly audit   'hermes-estree': [ '0.25.1' ],
41 silly audit   'hermes-parser': [ '0.25.1' ],
41 silly audit   'eslint-plugin-react-refresh': [ '0.5.2' ],
41 silly audit   '@eslint/config-array': [ '0.21.2' ],
41 silly audit   '@eslint/config-helpers': [ '0.4.2' ],
41 silly audit   '@eslint/core': [ '0.17.0' ],
41 silly audit   '@eslint/eslintrc': [ '3.3.5' ],
41 silly audit   '@eslint/object-schema': [ '2.1.7' ],
41 silly audit   '@eslint/plugin-kit': [ '0.4.1' ],
41 silly audit   '@humanfs/core': [ '0.19.1' ],
41 silly audit   '@humanfs/node': [ '0.16.7' ],
41 silly audit   '@humanwhocodes/module-importer': [ '1.0.1' ],
41 silly audit   '@humanwhocodes/retry': [ '0.4.3' ],
41 silly audit   ajv: [ '6.14.0' ],
41 silly audit   'eslint-scope': [ '8.4.0' ],
41 silly audit   espree: [ '10.4.0' ],
41 silly audit   esquery: [ '1.7.0' ],
41 silly audit   globals: [ '14.0.0', '17.4.0' ],
41 silly audit   'js-yaml': [ '4.1.1' ],
41 silly audit   'uri-js': [ '4.4.1' ],
41 silly audit   esrecurse: [ '4.3.0' ],
41 silly audit   estraverse: [ '5.3.0' ],
41 silly audit   esutils: [ '2.0.3' ],
41 silly audit   'fast-deep-equal': [ '3.1.3' ],
41 silly audit   'fast-json-stable-stringify': [ '2.1.0' ],
41 silly audit   'fast-levenshtein': [ '2.0.6' ],
41 silly audit   'file-entry-cache': [ '8.0.0' ],
41 silly audit   'find-up': [ '5.0.0' ],
41 silly audit   'flat-cache': [ '4.0.1' ],
41 silly audit   flatted: [ '3.4.2' ],
41 silly audit   fsevents: [ '2.3.3' ],
41 silly audit   gensync: [ '1.0.0-beta.2' ],
41 silly audit   'glob-parent': [ '6.0.2' ],
41 silly audit   'graceful-fs': [ '4.2.11' ],
41 silly audit   'has-flag': [ '4.0.0' ],
41 silly audit   'import-fresh': [ '3.3.1' ],
41 silly audit   imurmurhash: [ '0.1.4' ],
41 silly audit   'is-extglob': [ '2.1.1' ],
41 silly audit   'is-glob': [ '4.0.3' ],
41 silly audit   isexe: [ '2.0.0' ],
41 silly audit   jiti: [ '2.6.1' ],
41 silly audit   'js-tokens': [ '4.0.0' ],
41 silly audit   jsesc: [ '3.1.0' ],
41 silly audit   'json-buffer': [ '3.0.1' ],
41 silly audit   'json-schema-traverse': [ '0.4.1' ],
41 silly audit   'json-stable-stringify-without-jsonify': [ '1.0.1' ],
41 silly audit   keyv: [ '4.5.4' ],
41 silly audit   levn: [ '0.4.1' ],
41 silly audit   lightningcss: [ '1.32.0' ],
41 silly audit   'lightningcss-android-arm64': [ '1.32.0' ],
41 silly audit   'lightningcss-darwin-arm64': [ '1.32.0' ],
41 silly audit   'lightningcss-darwin-x64': [ '1.32.0' ],
41 silly audit   'lightningcss-freebsd-x64': [ '1.32.0' ],
41 silly audit   'lightningcss-linux-arm-gnueabihf': [ '1.32.0' ],
41 silly audit   'lightningcss-linux-arm64-gnu': [ '1.32.0' ],
41 silly audit   'lightningcss-linux-arm64-musl': [ '1.32.0' ],
41 silly audit   'lightningcss-linux-x64-gnu': [ '1.32.0' ],
41 silly audit   'lightningcss-linux-x64-musl': [ '1.32.0' ],
41 silly audit   'lightningcss-win32-arm64-msvc': [ '1.32.0' ],
41 silly audit   'lightningcss-win32-x64-msvc': [ '1.32.0' ],
41 silly audit   'locate-path': [ '6.0.0' ],
41 silly audit   'lodash.merge': [ '4.6.2' ],
41 silly audit   'lru-cache': [ '5.1.1' ],
41 silly audit   'mini-svg-data-uri': [ '1.4.4' ],
41 silly audit   'motion-dom': [ '12.38.0' ],
41 silly audit   'motion-utils': [ '12.36.0' ],
41 silly audit   ms: [ '2.1.3' ],
41 silly audit   nanoid: [ '3.3.11' ],
41 silly audit   'natural-compare': [ '1.4.0' ],
41 silly audit   'node-releases': [ '2.0.36' ],
41 silly audit   optionator: [ '0.9.4' ],
41 silly audit   'p-limit': [ '3.1.0' ],
41 silly audit   'p-locate': [ '5.0.0' ],
41 silly audit   'parent-module': [ '1.0.1' ],
41 silly audit   'path-exists': [ '4.0.0' ],
41 silly audit   'path-key': [ '3.1.1' ],
41 silly audit   picocolors: [ '1.1.1' ],
41 silly audit   picomatch: [ '4.0.4' ],
41 silly audit   postcss: [ '8.5.8' ],
41 silly audit   'prelude-ls': [ '1.2.1' ],
41 silly audit   punycode: [ '2.3.1' ],
41 silly audit   react: [ '19.2.4' ],
41 silly audit   'react-dom': [ '19.2.4' ],
41 silly audit   'react-intersection-observer': [ '10.0.3' ],
41 silly audit   'resolve-from': [ '4.0.0' ],
41 silly audit   scheduler: [ '0.27.0' ],
41 silly audit   'shebang-command': [ '2.0.0' ],
41 silly audit   'shebang-regex': [ '3.0.0' ],
41 silly audit   'source-map-js': [ '1.2.1' ],
41 silly audit   'strip-json-comments': [ '3.1.1' ],
41 silly audit   'supports-color': [ '7.2.0' ],
41 silly audit   'tailwind-merge': [ '3.5.0' ],
41 silly audit   tailwindcss: [ '4.2.2' ],
41 silly audit   tapable: [ '2.3.2' ],
41 silly audit   'ts-api-utils': [ '2.5.0' ],
41 silly audit   tslib: [ '2.8.1' ],
41 silly audit   'type-check': [ '0.4.0' ],
41 silly audit   typescript: [ '5.9.3' ],
41 silly audit   'typescript-eslint': [ '8.58.1' ],
41 silly audit   'undici-types': [ '7.16.0' ],
41 silly audit   'update-browserslist-db': [ '1.2.3' ],
41 silly audit   escalade: [ '3.2.0' ],
41 silly audit   vite: [ '8.0.8' ],
41 silly audit   rolldown: [ '1.0.0-rc.15' ],
41 silly audit   which: [ '2.0.2' ],
41 silly audit   'word-wrap': [ '1.2.5' ],
41 silly audit   yallist: [ '3.1.1' ],
41 silly audit   'yocto-queue': [ '0.1.0' ],
41 silly audit   zod: [ '4.3.6' ],
41 silly audit   'zod-validation-error': [ '4.0.2' ],
41 silly audit   'framer-motion': [ '12.38.0' ],
41 silly audit   'lucide-react': [ '1.8.0' ]
41 silly audit }
42 http fetch POST 200 https://registry.npmjs.org/-/npm/v1/security/advisories/bulk 175ms
43 silly audit report {
43 silly audit report   'brace-expansion': [
43 silly audit report     {
43 silly audit report       id: 1115540,
43 silly audit report       url: 'https://github.com/advisories/GHSA-f886-m6hf-6m8v',
43 silly audit report       title: 'brace-expansion: Zero-step sequence causes process hang and memory exhaustion',
43 silly audit report       severity: 'moderate',
43 silly audit report       vulnerable_versions: '<1.1.13',
43 silly audit report       cwe: [Array],
43 silly audit report       cvss: [Object]
43 silly audit report     }
43 silly audit report   ]
43 silly audit report }
44 silly packumentCache corgi:https://registry.npmjs.org/brace-expansion cache-miss
45 http fetch GET 200 https://registry.npmjs.org/brace-expansion 108ms (cache miss)
46 silly packumentCache corgi:https://registry.npmjs.org/brace-expansion set size:undefined disposed:false
47 silly packumentCache corgi:https://registry.npmjs.org/minimatch cache-miss
48 http fetch GET 200 https://registry.npmjs.org/minimatch 94ms (cache miss)
49 silly packumentCache corgi:https://registry.npmjs.org/minimatch set size:undefined disposed:false
50 verbose cwd /Users/say10/Documents/AI Projects/AI Projects/Coffee Ai Oportunidades/crak-landing
51 verbose os Darwin 25.4.0
52 verbose node v24.14.0
53 verbose npm  v11.9.0
54 notice
54 notice New [33mminor[39m version of npm available! [33m11.9.0[39m -> [34m11.12.1[39m
54 notice Changelog: [34mhttps://github.com/npm/cli/releases/tag/v11.12.1[39m
54 notice To update run: [4mnpm install -g npm@11.12.1[24m
54 notice  { force: true, Symbol(proc-log.meta): true }
55 verbose exit 0
56 info ok
