0 verbose cli /usr/local/bin/node /usr/local/bin/npm
1 info using npm@11.9.0
2 info using node@v24.14.0
3 silly config load:file:/usr/local/lib/node_modules/npm/npmrc
4 silly config load:file:/Users/say10/Documents/AI Projects/AI Projects/Coffee Ai Oportunidades/crak-landing/.npmrc
5 silly config load:file:/Users/say10/.npmrc
6 verbose config error loading user config Error: EPERM: operation not permitted, open '/Users/say10/.npmrc'
6 verbose config     at async open (node:internal/fs/promises:637:25)
6 verbose config     at async readFile (node:internal/fs/promises:1269:14)
6 verbose config     at async #loadFile (/usr/local/lib/node_modules/npm/node_modules/@npmcli/config/lib/index.js:641:5)
6 verbose config     at async Config.load (/usr/local/lib/node_modules/npm/node_modules/@npmcli/config/lib/index.js:265:5)
6 verbose config     at async #load (/usr/local/lib/node_modules/npm/lib/npm.js:99:5)
6 verbose config     at async Npm.load (/usr/local/lib/node_modules/npm/lib/npm.js:81:14)
6 verbose config     at async module.exports (/usr/local/lib/node_modules/npm/lib/cli/entry.js:35:37) {
6 verbose config   errno: -1,
6 verbose config   code: 'EPERM',
6 verbose config   syscall: 'open',
6 verbose config   path: '/Users/say10/.npmrc'
6 verbose config }
7 silly config load:file:/usr/local/etc/npmrc
8 verbose title npm install react-intersection-observer canvas-confetti clsx tailwind-merge mini-svg-data-uri @types/canvas-confetti @types/node
9 verbose argv "install" "--cache" ".npm-cache" "react-intersection-observer" "canvas-confetti" "clsx" "tailwind-merge" "mini-svg-data-uri" "@types/canvas-confetti" "@types/node"
10 verbose logfile logs-max:10 dir:/Users/say10/Documents/AI Projects/AI Projects/Coffee Ai Oportunidades/crak-landing/.npm-cache/_logs/2026-04-09T20_39_42_889Z-
11 verbose logfile /Users/say10/Documents/AI Projects/AI Projects/Coffee Ai Oportunidades/crak-landing/.npm-cache/_logs/2026-04-09T20_39_42_889Z-debug-0.log
12 silly logfile done cleaning log files
13 silly packumentCache heap:4496293888 maxSize:1124073472 maxEntrySize:562036736
14 silly idealTree buildDeps
15 silly fetch manifest clsx@^2.1.1
16 silly packumentCache full:https://registry.npmjs.org/clsx cache-miss
17 http fetch GET 200 https://registry.npmjs.org/clsx 355ms (cache revalidated)
18 silly packumentCache full:https://registry.npmjs.org/clsx set size:42506 disposed:false
19 silly fetch manifest tailwind-merge@^3.5.0
20 silly packumentCache full:https://registry.npmjs.org/tailwind-merge cache-miss
21 http fetch GET 200 https://registry.npmjs.org/tailwind-merge 94ms (cache revalidated)
22 silly packumentCache full:https://registry.npmjs.org/tailwind-merge set size:1548670 disposed:false
23 silly fetch manifest react-intersection-observer@*
24 silly packumentCache full:https://registry.npmjs.org/react-intersection-observer cache-miss
25 http fetch GET 200 https://registry.npmjs.org/react-intersection-observer 209ms (cache miss)
26 silly packumentCache full:https://registry.npmjs.org/react-intersection-observer set size:undefined disposed:false
27 silly fetch manifest react@^19.2.4
28 silly packumentCache full:https://registry.npmjs.org/react cache-miss
29 http fetch GET 200 https://registry.npmjs.org/react 105ms (cache revalidated)
30 silly packumentCache full:https://registry.npmjs.org/react set size:6598084 disposed:false
31 silly fetch manifest react-dom@^19.2.4
32 silly packumentCache full:https://registry.npmjs.org/react-dom cache-miss
33 http fetch GET 200 https://registry.npmjs.org/react-dom 95ms (cache revalidated)
34 silly packumentCache full:https://registry.npmjs.org/react-dom set size:8778661 disposed:false
35 silly fetch manifest canvas-confetti@*
36 silly packumentCache full:https://registry.npmjs.org/canvas-confetti cache-miss
37 http fetch GET 200 https://registry.npmjs.org/canvas-confetti 180ms (cache miss)
38 silly packumentCache full:https://registry.npmjs.org/canvas-confetti set size:undefined disposed:false
39 silly fetch manifest mini-svg-data-uri@*
40 silly packumentCache full:https://registry.npmjs.org/mini-svg-data-uri cache-miss
41 http fetch GET 200 https://registry.npmjs.org/mini-svg-data-uri 177ms (cache miss)
42 silly packumentCache full:https://registry.npmjs.org/mini-svg-data-uri set size:undefined disposed:false
43 silly fetch manifest @types/canvas-confetti@*
44 silly packumentCache full:https://registry.npmjs.org/@types%2fcanvas-confetti cache-miss
45 http fetch GET 200 https://registry.npmjs.org/@types%2fcanvas-confetti 473ms (cache miss)
46 silly packumentCache full:https://registry.npmjs.org/@types%2fcanvas-confetti set size:undefined disposed:false
47 silly fetch manifest @types/node@^24.12.0
48 silly packumentCache full:https://registry.npmjs.org/@types%2fnode cache-miss
49 http fetch GET 200 https://registry.npmjs.org/@types%2fnode 113ms (cache revalidated)
50 silly packumentCache full:https://registry.npmjs.org/@types%2fnode set size:10968423 disposed:false
51 silly placeDep ROOT @types/canvas-confetti@1.9.0 OK for: crak-landing@0.0.0 want: *
52 silly placeDep ROOT @types/node@24.12.2 REPLACE for: crak-landing@0.0.0 want: ^24.12.0
53 silly placeDep ROOT canvas-confetti@1.9.4 OK for: crak-landing@0.0.0 want: *
54 silly placeDep ROOT clsx@2.1.1 REPLACE for: crak-landing@0.0.0 want: ^2.1.1
55 silly placeDep ROOT mini-svg-data-uri@1.4.4 OK for: crak-landing@0.0.0 want: *
56 silly placeDep ROOT react-intersection-observer@10.0.3 OK for: crak-landing@0.0.0 want: *
57 silly placeDep ROOT tailwind-merge@3.5.0 REPLACE for: crak-landing@0.0.0 want: ^3.5.0
58 silly fetch manifest @tailwindcss/oxide-android-arm64@4.2.2
59 silly packumentCache full:https://registry.npmjs.org/@tailwindcss%2foxide-android-arm64 cache-miss
60 http fetch GET 200 https://registry.npmjs.org/@tailwindcss%2foxide-android-arm64 181ms (cache miss)
61 silly packumentCache full:https://registry.npmjs.org/@tailwindcss%2foxide-android-arm64 set size:undefined disposed:false
62 silly fetch manifest @tailwindcss/oxide-darwin-x64@4.2.2
63 silly packumentCache full:https://registry.npmjs.org/@tailwindcss%2foxide-darwin-x64 cache-miss
64 http fetch GET 200 https://registry.npmjs.org/@tailwindcss%2foxide-darwin-x64 186ms (cache miss)
65 silly packumentCache full:https://registry.npmjs.org/@tailwindcss%2foxide-darwin-x64 set size:undefined disposed:false
66 silly fetch manifest @tailwindcss/oxide-freebsd-x64@4.2.2
67 silly packumentCache full:https://registry.npmjs.org/@tailwindcss%2foxide-freebsd-x64 cache-miss
68 http fetch GET 200 https://registry.npmjs.org/@tailwindcss%2foxide-freebsd-x64 139ms (cache miss)
69 silly packumentCache full:https://registry.npmjs.org/@tailwindcss%2foxide-freebsd-x64 set size:undefined disposed:false
70 silly fetch manifest @tailwindcss/oxide-linux-arm-gnueabihf@4.2.2
71 silly packumentCache full:https://registry.npmjs.org/@tailwindcss%2foxide-linux-arm-gnueabihf cache-miss
72 http fetch GET 200 https://registry.npmjs.org/@tailwindcss%2foxide-linux-arm-gnueabihf 150ms (cache miss)
73 silly packumentCache full:https://registry.npmjs.org/@tailwindcss%2foxide-linux-arm-gnueabihf set size:undefined disposed:false
74 silly fetch manifest @tailwindcss/oxide-linux-arm64-gnu@4.2.2
75 silly packumentCache full:https://registry.npmjs.org/@tailwindcss%2foxide-linux-arm64-gnu cache-miss
76 http fetch GET 200 https://registry.npmjs.org/@tailwindcss%2foxide-linux-arm64-gnu 141ms (cache miss)
77 silly packumentCache full:https://registry.npmjs.org/@tailwindcss%2foxide-linux-arm64-gnu set size:undefined disposed:false
78 silly fetch manifest @tailwindcss/oxide-linux-arm64-musl@4.2.2
79 silly packumentCache full:https://registry.npmjs.org/@tailwindcss%2foxide-linux-arm64-musl cache-miss
80 http fetch GET 200 https://registry.npmjs.org/@tailwindcss%2foxide-linux-arm64-musl 146ms (cache miss)
81 silly packumentCache full:https://registry.npmjs.org/@tailwindcss%2foxide-linux-arm64-musl set size:undefined disposed:false
82 silly fetch manifest @tailwindcss/oxide-linux-x64-gnu@4.2.2
83 silly packumentCache full:https://registry.npmjs.org/@tailwindcss%2foxide-linux-x64-gnu cache-miss
84 http fetch GET 200 https://registry.npmjs.org/@tailwindcss%2foxide-linux-x64-gnu 136ms (cache miss)
85 silly packumentCache full:https://registry.npmjs.org/@tailwindcss%2foxide-linux-x64-gnu set size:undefined disposed:false
86 silly fetch manifest @tailwindcss/oxide-linux-x64-musl@4.2.2
87 silly packumentCache full:https://registry.npmjs.org/@tailwindcss%2foxide-linux-x64-musl cache-miss
88 http fetch GET 200 https://registry.npmjs.org/@tailwindcss%2foxide-linux-x64-musl 130ms (cache miss)
89 silly packumentCache full:https://registry.npmjs.org/@tailwindcss%2foxide-linux-x64-musl set size:undefined disposed:false
90 silly fetch manifest @tailwindcss/oxide-wasm32-wasi@4.2.2
91 silly packumentCache full:https://registry.npmjs.org/@tailwindcss%2foxide-wasm32-wasi cache-miss
92 http fetch GET 200 https://registry.npmjs.org/@tailwindcss%2foxide-wasm32-wasi 115ms (cache miss)
93 silly packumentCache full:https://registry.npmjs.org/@tailwindcss%2foxide-wasm32-wasi set size:undefined disposed:false
94 silly fetch manifest @tailwindcss/oxide-win32-arm64-msvc@4.2.2
95 silly packumentCache full:https://registry.npmjs.org/@tailwindcss%2foxide-win32-arm64-msvc cache-miss
96 http fetch GET 200 https://registry.npmjs.org/@tailwindcss%2foxide-win32-arm64-msvc 123ms (cache miss)
97 silly packumentCache full:https://registry.npmjs.org/@tailwindcss%2foxide-win32-arm64-msvc set size:undefined disposed:false
98 silly fetch manifest @tailwindcss/oxide-win32-x64-msvc@4.2.2
99 silly packumentCache full:https://registry.npmjs.org/@tailwindcss%2foxide-win32-x64-msvc cache-miss
100 http fetch GET 200 https://registry.npmjs.org/@tailwindcss%2foxide-win32-x64-msvc 140ms (cache miss)
101 silly packumentCache full:https://registry.npmjs.org/@tailwindcss%2foxide-win32-x64-msvc set size:undefined disposed:false
102 silly placeDep ROOT @tailwindcss/oxide-android-arm64@4.2.2 OK for: @tailwindcss/oxide@4.2.2 want: 4.2.2
103 silly placeDep ROOT @tailwindcss/oxide-darwin-x64@4.2.2 OK for: @tailwindcss/oxide@4.2.2 want: 4.2.2
104 silly placeDep ROOT @tailwindcss/oxide-freebsd-x64@4.2.2 OK for: @tailwindcss/oxide@4.2.2 want: 4.2.2
105 silly placeDep ROOT @tailwindcss/oxide-linux-arm-gnueabihf@4.2.2 OK for: @tailwindcss/oxide@4.2.2 want: 4.2.2
106 silly placeDep ROOT @tailwindcss/oxide-linux-arm64-gnu@4.2.2 OK for: @tailwindcss/oxide@4.2.2 want: 4.2.2
107 silly placeDep ROOT @tailwindcss/oxide-linux-arm64-musl@4.2.2 OK for: @tailwindcss/oxide@4.2.2 want: 4.2.2
108 silly placeDep ROOT @tailwindcss/oxide-linux-x64-gnu@4.2.2 OK for: @tailwindcss/oxide@4.2.2 want: 4.2.2
109 silly placeDep ROOT @tailwindcss/oxide-linux-x64-musl@4.2.2 OK for: @tailwindcss/oxide@4.2.2 want: 4.2.2
110 silly placeDep ROOT @tailwindcss/oxide-wasm32-wasi@4.2.2 OK for: @tailwindcss/oxide@4.2.2 want: 4.2.2
111 silly placeDep ROOT @tailwindcss/oxide-win32-arm64-msvc@4.2.2 OK for: @tailwindcss/oxide@4.2.2 want: 4.2.2
112 silly placeDep ROOT @tailwindcss/oxide-win32-x64-msvc@4.2.2 OK for: @tailwindcss/oxide@4.2.2 want: 4.2.2
113 silly fetch manifest acorn@^6.0.0 || ^7.0.0 || ^8.0.0
114 silly packumentCache full:https://registry.npmjs.org/acorn cache-miss
115 http fetch GET 200 https://registry.npmjs.org/acorn 95ms (cache revalidated)
116 silly packumentCache full:https://registry.npmjs.org/acorn set size:379626 disposed:false
117 silly placeDep ROOT acorn@8.16.0 REPLACE for: acorn-jsx@5.3.2 want: ^6.0.0 || ^7.0.0 || ^8.0.0
118 silly fetch manifest lightningcss-android-arm64@1.32.0
119 silly packumentCache full:https://registry.npmjs.org/lightningcss-android-arm64 cache-miss
120 http fetch GET 200 https://registry.npmjs.org/lightningcss-android-arm64 86ms (cache miss)
121 silly packumentCache full:https://registry.npmjs.org/lightningcss-android-arm64 set size:undefined disposed:false
122 silly fetch manifest lightningcss-darwin-x64@1.32.0
123 silly packumentCache full:https://registry.npmjs.org/lightningcss-darwin-x64 cache-miss
124 http fetch GET 200 https://registry.npmjs.org/lightningcss-darwin-x64 87ms (cache miss)
125 silly packumentCache full:https://registry.npmjs.org/lightningcss-darwin-x64 set size:undefined disposed:false
126 silly fetch manifest lightningcss-freebsd-x64@1.32.0
127 silly packumentCache full:https://registry.npmjs.org/lightningcss-freebsd-x64 cache-miss
128 http fetch GET 200 https://registry.npmjs.org/lightningcss-freebsd-x64 89ms (cache miss)
129 silly packumentCache full:https://registry.npmjs.org/lightningcss-freebsd-x64 set size:undefined disposed:false
130 silly fetch manifest lightningcss-linux-arm-gnueabihf@1.32.0
131 silly packumentCache full:https://registry.npmjs.org/lightningcss-linux-arm-gnueabihf cache-miss
132 http fetch GET 200 https://registry.npmjs.org/lightningcss-linux-arm-gnueabihf 101ms (cache miss)
133 silly packumentCache full:https://registry.npmjs.org/lightningcss-linux-arm-gnueabihf set size:undefined disposed:false
134 silly fetch manifest lightningcss-linux-arm64-gnu@1.32.0
135 silly packumentCache full:https://registry.npmjs.org/lightningcss-linux-arm64-gnu cache-miss
136 http fetch GET 200 https://registry.npmjs.org/lightningcss-linux-arm64-gnu 96ms (cache miss)
137 silly packumentCache full:https://registry.npmjs.org/lightningcss-linux-arm64-gnu set size:undefined disposed:false
138 silly fetch manifest lightningcss-linux-arm64-musl@1.32.0
139 silly packumentCache full:https://registry.npmjs.org/lightningcss-linux-arm64-musl cache-miss
140 http fetch GET 200 https://registry.npmjs.org/lightningcss-linux-arm64-musl 92ms (cache miss)
141 silly packumentCache full:https://registry.npmjs.org/lightningcss-linux-arm64-musl set size:undefined disposed:false
142 silly fetch manifest lightningcss-linux-x64-gnu@1.32.0
143 silly packumentCache full:https://registry.npmjs.org/lightningcss-linux-x64-gnu cache-miss
144 http fetch GET 200 https://registry.npmjs.org/lightningcss-linux-x64-gnu 94ms (cache miss)
145 silly packumentCache full:https://registry.npmjs.org/lightningcss-linux-x64-gnu set size:undefined disposed:false
146 silly fetch manifest lightningcss-linux-x64-musl@1.32.0
147 silly packumentCache full:https://registry.npmjs.org/lightningcss-linux-x64-musl cache-miss
148 http fetch GET 200 https://registry.npmjs.org/lightningcss-linux-x64-musl 86ms (cache miss)
149 silly packumentCache full:https://registry.npmjs.org/lightningcss-linux-x64-musl set size:undefined disposed:false
150 silly fetch manifest lightningcss-win32-arm64-msvc@1.32.0
151 silly packumentCache full:https://registry.npmjs.org/lightningcss-win32-arm64-msvc cache-miss
152 http fetch GET 200 https://registry.npmjs.org/lightningcss-win32-arm64-msvc 105ms (cache miss)
153 silly packumentCache full:https://registry.npmjs.org/lightningcss-win32-arm64-msvc set size:undefined disposed:false
154 silly fetch manifest lightningcss-win32-x64-msvc@1.32.0
155 silly packumentCache full:https://registry.npmjs.org/lightningcss-win32-x64-msvc cache-miss
156 http fetch GET 200 https://registry.npmjs.org/lightningcss-win32-x64-msvc 92ms (cache miss)
157 silly packumentCache full:https://registry.npmjs.org/lightningcss-win32-x64-msvc set size:undefined disposed:false
158 silly placeDep ROOT lightningcss-android-arm64@1.32.0 OK for: lightningcss@1.32.0 want: 1.32.0
159 silly placeDep ROOT lightningcss-darwin-x64@1.32.0 OK for: lightningcss@1.32.0 want: 1.32.0
160 silly placeDep ROOT lightningcss-freebsd-x64@1.32.0 OK for: lightningcss@1.32.0 want: 1.32.0
161 silly placeDep ROOT lightningcss-linux-arm-gnueabihf@1.32.0 OK for: lightningcss@1.32.0 want: 1.32.0
162 silly placeDep ROOT lightningcss-linux-arm64-gnu@1.32.0 OK for: lightningcss@1.32.0 want: 1.32.0
163 silly placeDep ROOT lightningcss-linux-arm64-musl@1.32.0 OK for: lightningcss@1.32.0 want: 1.32.0
164 silly placeDep ROOT lightningcss-linux-x64-gnu@1.32.0 OK for: lightningcss@1.32.0 want: 1.32.0
165 silly placeDep ROOT lightningcss-linux-x64-musl@1.32.0 OK for: lightningcss@1.32.0 want: 1.32.0
166 silly placeDep ROOT lightningcss-win32-arm64-msvc@1.32.0 OK for: lightningcss@1.32.0 want: 1.32.0
167 silly placeDep ROOT lightningcss-win32-x64-msvc@1.32.0 OK for: lightningcss@1.32.0 want: 1.32.0
168 silly reify mark retired [
168 silly reify   '/Users/say10/Documents/AI Projects/AI Projects/Coffee Ai Oportunidades/crak-landing/node_modules/@types/node'
168 silly reify ]
169 silly reify mark retired [
169 silly reify   '/Users/say10/Documents/AI Projects/AI Projects/Coffee Ai Oportunidades/crak-landing/node_modules/acorn'
169 silly reify ]
170 silly reify mark retired [
170 silly reify   '/Users/say10/Documents/AI Projects/AI Projects/Coffee Ai Oportunidades/crak-landing/node_modules/eslint/node_modules/acorn',
170 silly reify   '/Users/say10/Documents/AI Projects/AI Projects/Coffee Ai Oportunidades/crak-landing/node_modules/eslint/node_modules/.bin/acorn'
170 silly reify ]
171 silly reify moves {
171 silly reify   '/Users/say10/Documents/AI Projects/AI Projects/Coffee Ai Oportunidades/crak-landing/node_modules/@types/node': '/Users/say10/Documents/AI Projects/AI Projects/Coffee Ai Oportunidades/crak-landing/node_modules/@types/.node-TrYM7NZ6',
171 silly reify   '/Users/say10/Documents/AI Projects/AI Projects/Coffee Ai Oportunidades/crak-landing/node_modules/acorn': '/Users/say10/Documents/AI Projects/AI Projects/Coffee Ai Oportunidades/crak-landing/node_modules/.acorn-NebxQf6Q',
171 silly reify   '/Users/say10/Documents/AI Projects/AI Projects/Coffee Ai Oportunidades/crak-landing/node_modules/eslint/node_modules/acorn': '/Users/say10/Documents/AI Projects/AI Projects/Coffee Ai Oportunidades/crak-landing/node_modules/eslint/node_modules/.acorn-YSw76lQ3',
171 silly reify   '/Users/say10/Documents/AI Projects/AI Projects/Coffee Ai Oportunidades/crak-landing/node_modules/eslint/node_modules/.bin/acorn': '/Users/say10/Documents/AI Projects/AI Projects/Coffee Ai Oportunidades/crak-landing/node_modules/eslint/node_modules/.bin/.acorn-uQ457qcj'
171 silly reify }
172 silly audit bulk request {
172 silly audit   '@babel/code-frame': [ '7.29.0' ],
172 silly audit   '@babel/compat-data': [ '7.29.0' ],
172 silly audit   '@babel/core': [ '7.29.0' ],
172 silly audit   '@jridgewell/gen-mapping': [ '0.3.13' ],
172 silly audit   '@jridgewell/remapping': [ '2.3.5' ],
172 silly audit   '@jridgewell/resolve-uri': [ '3.1.2' ],
172 silly audit   '@jridgewell/sourcemap-codec': [ '1.5.5' ],
172 silly audit   '@jridgewell/trace-mapping': [ '0.3.31' ],
172 silly audit   json5: [ '2.2.3' ],
172 silly audit   '@babel/generator': [ '7.29.1' ],
172 silly audit   '@babel/helper-compilation-targets': [ '7.28.6' ],
172 silly audit   '@babel/helper-globals': [ '7.28.0' ],
172 silly audit   '@babel/helper-module-imports': [ '7.28.6' ],
172 silly audit   '@babel/helper-module-transforms': [ '7.28.6' ],
172 silly audit   '@babel/helper-string-parser': [ '7.27.1' ],
172 silly audit   '@babel/helper-validator-identifier': [ '7.28.5' ],
172 silly audit   '@babel/helper-validator-option': [ '7.27.1' ],
172 silly audit   '@babel/helpers': [ '7.29.2' ],
172 silly audit   '@babel/parser': [ '7.29.2' ],
172 silly audit   '@babel/template': [ '7.28.6' ],
172 silly audit   '@babel/traverse': [ '7.29.0' ],
172 silly audit   '@babel/types': [ '7.29.0' ],
172 silly audit   '@eslint-community/eslint-utils': [ '4.9.1' ],
172 silly audit   'eslint-visitor-keys': [ '3.4.3', '5.0.1', '4.2.1' ],
172 silly audit   '@eslint-community/regexpp': [ '4.12.2' ],
172 silly audit   '@eslint/js': [ '9.39.4' ],
172 silly audit   '@oxc-project/types': [ '0.124.0' ],
172 silly audit   '@rolldown/binding-android-arm64': [ '1.0.0-rc.15' ],
172 silly audit   '@rolldown/binding-darwin-arm64': [ '1.0.0-rc.15' ],
172 silly audit   '@rolldown/binding-darwin-x64': [ '1.0.0-rc.15' ],
172 silly audit   '@rolldown/binding-freebsd-x64': [ '1.0.0-rc.15' ],
172 silly audit   '@rolldown/binding-linux-arm-gnueabihf': [ '1.0.0-rc.15' ],
172 silly audit   '@rolldown/binding-linux-arm64-gnu': [ '1.0.0-rc.15' ],
172 silly audit   '@rolldown/binding-linux-arm64-musl': [ '1.0.0-rc.15' ],
172 silly audit   '@rolldown/binding-linux-ppc64-gnu': [ '1.0.0-rc.15' ],
172 silly audit   '@rolldown/binding-linux-s390x-gnu': [ '1.0.0-rc.15' ],
172 silly audit   '@rolldown/binding-linux-x64-gnu': [ '1.0.0-rc.15' ],
172 silly audit   '@rolldown/binding-linux-x64-musl': [ '1.0.0-rc.15' ],
172 silly audit   '@rolldown/binding-openharmony-arm64': [ '1.0.0-rc.15' ],
172 silly audit   '@rolldown/binding-wasm32-wasi': [ '1.0.0-rc.15' ],
172 silly audit   '@emnapi/core': [ '1.9.2' ],
172 silly audit   '@emnapi/runtime': [ '1.9.2' ],
172 silly audit   '@emnapi/wasi-threads': [ '1.2.1' ],
172 silly audit   '@napi-rs/wasm-runtime': [ '1.1.3' ],
172 silly audit   '@tybys/wasm-util': [ '0.10.1' ],
172 silly audit   '@rolldown/binding-win32-arm64-msvc': [ '1.0.0-rc.15' ],
172 silly audit   '@rolldown/binding-win32-x64-msvc': [ '1.0.0-rc.15' ],
172 silly audit   '@rolldown/pluginutils': [ '1.0.0-rc.7', '1.0.0-rc.15' ],
172 silly audit   '@tailwindcss/node': [ '4.2.2' ],
172 silly audit   'magic-string': [ '0.30.21' ],
172 silly audit   '@tailwindcss/oxide': [ '4.2.2' ],
172 silly audit   '@tailwindcss/oxide-darwin-arm64': [ '4.2.2' ],
172 silly audit   '@tailwindcss/vite': [ '4.2.2' ],
172 silly audit   '@types/estree': [ '1.0.8' ],
172 silly audit   '@types/json-schema': [ '7.0.15' ],
172 silly audit   '@types/react': [ '19.2.14' ],
172 silly audit   '@types/react-dom': [ '19.2.3' ],
172 silly audit   '@typescript-eslint/eslint-plugin': [ '8.58.1' ],
172 silly audit   '@typescript-eslint/scope-manager': [ '8.58.1' ],
172 silly audit   '@typescript-eslint/type-utils': [ '8.58.1' ],
172 silly audit   '@typescript-eslint/types': [ '8.58.1' ],
172 silly audit   '@typescript-eslint/visitor-keys': [ '8.58.1' ],
172 silly audit   ignore: [ '7.0.5', '5.3.2' ],
172 silly audit   '@typescript-eslint/parser': [ '8.58.1' ],
172 silly audit   '@typescript-eslint/typescript-estree': [ '8.58.1' ],
172 silly audit   '@typescript-eslint/project-service': [ '8.58.1' ],
172 silly audit   '@typescript-eslint/tsconfig-utils': [ '8.58.1' ],
172 silly audit   'balanced-match': [ '4.0.4', '1.0.2' ],
172 silly audit   'brace-expansion': [ '5.0.5', '1.1.12' ],
172 silly audit   fdir: [ '6.5.0' ],
172 silly audit   minimatch: [ '10.2.5', '3.1.5' ],
172 silly audit   semver: [ '7.7.4', '6.3.1' ],
172 silly audit   tinyglobby: [ '0.2.16' ],
172 silly audit   '@typescript-eslint/utils': [ '8.58.1' ],
172 silly audit   '@vitejs/plugin-react': [ '6.0.1' ],
172 silly audit   acorn: [ '8.16.0' ],
172 silly audit   'acorn-jsx': [ '5.3.2' ],
172 silly audit   'ansi-styles': [ '4.3.0' ],
172 silly audit   argparse: [ '2.0.1' ],
172 silly audit   browserslist: [ '4.28.1' ],
172 silly audit   'baseline-browser-mapping': [ '2.10.17' ],
172 silly audit   'caniuse-lite': [ '1.0.30001787' ],
172 silly audit   callsites: [ '3.1.0' ],
172 silly audit   chalk: [ '4.1.2' ],
172 silly audit   'color-convert': [ '2.0.1' ],
172 silly audit   'color-name': [ '1.1.4' ],
172 silly audit   'concat-map': [ '0.0.1' ],
172 silly audit   'convert-source-map': [ '2.0.0' ],
172 silly audit   'cross-spawn': [ '7.0.6' ],
172 silly audit   csstype: [ '3.2.3' ],
172 silly audit   debug: [ '4.4.3' ],
172 silly audit   'deep-is': [ '0.1.4' ],
172 silly audit   'detect-libc': [ '2.1.2' ],
172 silly audit   'electron-to-chromium': [ '1.5.325' ],
172 silly audit   'enhanced-resolve': [ '5.20.1' ],
172 silly audit   'escape-string-regexp': [ '4.0.0' ],
172 silly audit   eslint: [ '9.39.4' ],
172 silly audit   'eslint-plugin-react-hooks': [ '7.0.1' ],
172 silly audit   'hermes-estree': [ '0.25.1' ],
172 silly audit   'hermes-parser': [ '0.25.1' ],
172 silly audit   'eslint-plugin-react-refresh': [ '0.5.2' ],
172 silly audit   '@eslint/config-array': [ '0.21.2' ],
172 silly audit   '@eslint/config-helpers': [ '0.4.2' ],
172 silly audit   '@eslint/core': [ '0.17.0' ],
172 silly audit   '@eslint/eslintrc': [ '3.3.5' ],
172 silly audit   '@eslint/object-schema': [ '2.1.7' ],
172 silly audit   '@eslint/plugin-kit': [ '0.4.1' ],
172 silly audit   '@humanfs/core': [ '0.19.1' ],
172 silly audit   '@humanfs/node': [ '0.16.7' ],
172 silly audit   '@humanwhocodes/module-importer': [ '1.0.1' ],
172 silly audit   '@humanwhocodes/retry': [ '0.4.3' ],
172 silly audit   ajv: [ '6.14.0' ],
172 silly audit   'eslint-scope': [ '8.4.0' ],
172 silly audit   espree: [ '10.4.0' ],
172 silly audit   esquery: [ '1.7.0' ],
172 silly audit   globals: [ '14.0.0', '17.4.0' ],
172 silly audit   'js-yaml': [ '4.1.1' ],
172 silly audit   'uri-js': [ '4.4.1' ],
172 silly audit   esrecurse: [ '4.3.0' ],
172 silly audit   estraverse: [ '5.3.0' ],
172 silly audit   esutils: [ '2.0.3' ],
172 silly audit   'fast-deep-equal': [ '3.1.3' ],
172 silly audit   'fast-json-stable-stringify': [ '2.1.0' ],
172 silly audit   'fast-levenshtein': [ '2.0.6' ],
172 silly audit   'file-entry-cache': [ '8.0.0' ],
172 silly audit   'find-up': [ '5.0.0' ],
172 silly audit   'flat-cache': [ '4.0.1' ],
172 silly audit   flatted: [ '3.4.2' ],
172 silly audit   'framer-motion': [ '12.38.0' ],
172 silly audit   fsevents: [ '2.3.3' ],
172 silly audit   gensync: [ '1.0.0-beta.2' ],
172 silly audit   'glob-parent': [ '6.0.2' ],
172 silly audit   'graceful-fs': [ '4.2.11' ],
172 silly audit   'has-flag': [ '4.0.0' ],
172 silly audit   'import-fresh': [ '3.3.1' ],
172 silly audit   imurmurhash: [ '0.1.4' ],
172 silly audit   'is-extglob': [ '2.1.1' ],
172 silly audit   'is-glob': [ '4.0.3' ],
172 silly audit   isexe: [ '2.0.0' ],
172 silly audit   jiti: [ '2.6.1' ],
172 silly audit   'js-tokens': [ '4.0.0' ],
172 silly audit   jsesc: [ '3.1.0' ],
172 silly audit   'json-buffer': [ '3.0.1' ],
172 silly audit   'json-schema-traverse': [ '0.4.1' ],
172 silly audit   'json-stable-stringify-without-jsonify': [ '1.0.1' ],
172 silly audit   keyv: [ '4.5.4' ],
172 silly audit   levn: [ '0.4.1' ],
172 silly audit   lightningcss: [ '1.32.0' ],
172 silly audit   'lightningcss-darwin-arm64': [ '1.32.0' ],
172 silly audit   'locate-path': [ '6.0.0' ],
172 silly audit   'lodash.merge': [ '4.6.2' ],
172 silly audit   'lru-cache': [ '5.1.1' ],
172 silly audit   'lucide-react': [ '1.8.0' ],
172 silly audit   'motion-dom': [ '12.38.0' ],
172 silly audit   'motion-utils': [ '12.36.0' ],
172 silly audit   ms: [ '2.1.3' ],
172 silly audit   nanoid: [ '3.3.11' ],
172 silly audit   'natural-compare': [ '1.4.0' ],
172 silly audit   'node-releases': [ '2.0.36' ],
172 silly audit   optionator: [ '0.9.4' ],
172 silly audit   'p-limit': [ '3.1.0' ],
172 silly audit   'p-locate': [ '5.0.0' ],
172 silly audit   'parent-module': [ '1.0.1' ],
172 silly audit   'path-exists': [ '4.0.0' ],
172 silly audit   'path-key': [ '3.1.1' ],
172 silly audit   picocolors: [ '1.1.1' ],
172 silly audit   picomatch: [ '4.0.4' ],
172 silly audit   postcss: [ '8.5.8' ],
172 silly audit   'prelude-ls': [ '1.2.1' ],
172 silly audit   punycode: [ '2.3.1' ],
172 silly audit   react: [ '19.2.4' ],
172 silly audit   'react-dom': [ '19.2.4' ],
172 silly audit   'resolve-from': [ '4.0.0' ],
172 silly audit   scheduler: [ '0.27.0' ],
172 silly audit   'shebang-command': [ '2.0.0' ],
172 silly audit   'shebang-regex': [ '3.0.0' ],
172 silly audit   'source-map-js': [ '1.2.1' ],
172 silly audit   'strip-json-comments': [ '3.1.1' ],
172 silly audit   'supports-color': [ '7.2.0' ],
172 silly audit   tailwindcss: [ '4.2.2' ],
172 silly audit   tapable: [ '2.3.2' ],
172 silly audit   'ts-api-utils': [ '2.5.0' ],
172 silly audit   tslib: [ '2.8.1' ],
172 silly audit   'type-check': [ '0.4.0' ],
172 silly audit   typescript: [ '5.9.3' ],
172 silly audit   'typescript-eslint': [ '8.58.1' ],
172 silly audit   'undici-types': [ '7.16.0' ],
172 silly audit   'update-browserslist-db': [ '1.2.3' ],
172 silly audit   escalade: [ '3.2.0' ],
172 silly audit   vite: [ '8.0.8' ],
172 silly audit   rolldown: [ '1.0.0-rc.15' ],
172 silly audit   which: [ '2.0.2' ],
172 silly audit   'word-wrap': [ '1.2.5' ],
172 silly audit   yallist: [ '3.1.1' ],
172 silly audit   'yocto-queue': [ '0.1.0' ],
172 silly audit   zod: [ '4.3.6' ],
172 silly audit   'zod-validation-error': [ '4.0.2' ],
172 silly audit   '@types/canvas-confetti': [ '1.9.0' ],
172 silly audit   '@types/node': [ '24.12.2' ],
172 silly audit   'canvas-confetti': [ '1.9.4' ],
172 silly audit   clsx: [ '2.1.1' ],
172 silly audit   'mini-svg-data-uri': [ '1.4.4' ],
172 silly audit   'react-intersection-observer': [ '10.0.3' ],
172 silly audit   'tailwind-merge': [ '3.5.0' ],
172 silly audit   '@tailwindcss/oxide-android-arm64': [ '4.2.2' ],
172 silly audit   '@tailwindcss/oxide-darwin-x64': [ '4.2.2' ],
172 silly audit   '@tailwindcss/oxide-freebsd-x64': [ '4.2.2' ],
172 silly audit   '@tailwindcss/oxide-linux-arm-gnueabihf': [ '4.2.2' ],
172 silly audit   '@tailwindcss/oxide-linux-arm64-gnu': [ '4.2.2' ],
172 silly audit   '@tailwindcss/oxide-linux-arm64-musl': [ '4.2.2' ],
172 silly audit   '@tailwindcss/oxide-linux-x64-gnu': [ '4.2.2' ],
172 silly audit   '@tailwindcss/oxide-linux-x64-musl': [ '4.2.2' ],
172 silly audit   '@tailwindcss/oxide-wasm32-wasi': [ '4.2.2' ],
172 silly audit   '@tailwindcss/oxide-win32-arm64-msvc': [ '4.2.2' ],
172 silly audit   '@tailwindcss/oxide-win32-x64-msvc': [ '4.2.2' ],
172 silly audit   'lightningcss-android-arm64': [ '1.32.0' ],
172 silly audit   'lightningcss-darwin-x64': [ '1.32.0' ],
172 silly audit   'lightningcss-freebsd-x64': [ '1.32.0' ],
172 silly audit   'lightningcss-linux-arm-gnueabihf': [ '1.32.0' ],
172 silly audit   'lightningcss-linux-arm64-gnu': [ '1.32.0' ],
172 silly audit   'lightningcss-linux-arm64-musl': [ '1.32.0' ],
172 silly audit   'lightningcss-linux-x64-gnu': [ '1.32.0' ],
172 silly audit   'lightningcss-linux-x64-musl': [ '1.32.0' ],
172 silly audit   'lightningcss-win32-arm64-msvc': [ '1.32.0' ],
172 silly audit   'lightningcss-win32-x64-msvc': [ '1.32.0' ]
172 silly audit }
173 http cache react-intersection-observer@https://registry.npmjs.org/react-intersection-observer/-/react-intersection-observer-10.0.3.tgz 0ms (cache hit)
174 http cache mini-svg-data-uri@https://registry.npmjs.org/mini-svg-data-uri/-/mini-svg-data-uri-1.4.4.tgz 0ms (cache hit)
175 http cache @types/node@https://registry.npmjs.org/@types/node/-/node-24.12.2.tgz 0ms (cache hit)
176 http cache @types/canvas-confetti@https://registry.npmjs.org/@types/canvas-confetti/-/canvas-confetti-1.9.0.tgz 0ms (cache hit)
177 http cache acorn@https://registry.npmjs.org/acorn/-/acorn-8.16.0.tgz 0ms (cache hit)
178 http cache canvas-confetti@https://registry.npmjs.org/canvas-confetti/-/canvas-confetti-1.9.4.tgz 0ms (cache hit)
179 silly tarball no local data for react-intersection-observer@https://registry.npmjs.org/react-intersection-observer/-/react-intersection-observer-10.0.3.tgz. Extracting by manifest.
180 silly tarball no local data for mini-svg-data-uri@https://registry.npmjs.org/mini-svg-data-uri/-/mini-svg-data-uri-1.4.4.tgz. Extracting by manifest.
181 silly tarball no local data for @types/node@https://registry.npmjs.org/@types/node/-/node-24.12.2.tgz. Extracting by manifest.
182 silly tarball no local data for @types/canvas-confetti@https://registry.npmjs.org/@types/canvas-confetti/-/canvas-confetti-1.9.0.tgz. Extracting by manifest.
183 silly tarball no local data for canvas-confetti@https://registry.npmjs.org/canvas-confetti/-/canvas-confetti-1.9.4.tgz. Extracting by manifest.
184 http fetch GET 200 https://registry.npmjs.org/mini-svg-data-uri/-/mini-svg-data-uri-1.4.4.tgz 170ms (cache miss)
185 http fetch POST 200 https://registry.npmjs.org/-/npm/v1/security/advisories/bulk 184ms
186 silly audit report {
186 silly audit report   'brace-expansion': [
186 silly audit report     {
186 silly audit report       id: 1115540,
186 silly audit report       url: 'https://github.com/advisories/GHSA-f886-m6hf-6m8v',
186 silly audit report       title: 'brace-expansion: Zero-step sequence causes process hang and memory exhaustion',
186 silly audit report       severity: 'moderate',
186 silly audit report       vulnerable_versions: '<1.1.13',
186 silly audit report       cwe: [Array],
186 silly audit report       cvss: [Object]
186 silly audit report     }
186 silly audit report   ]
186 silly audit report }
187 silly packumentCache corgi:https://registry.npmjs.org/brace-expansion cache-miss
188 http fetch GET 200 https://registry.npmjs.org/canvas-confetti/-/canvas-confetti-1.9.4.tgz 182ms (cache miss)
189 http fetch GET 200 https://registry.npmjs.org/brace-expansion 75ms (cache revalidated)
190 silly packumentCache corgi:https://registry.npmjs.org/brace-expansion set size:21298 disposed:false
191 silly packumentCache corgi:https://registry.npmjs.org/minimatch cache-miss
192 http fetch GET 200 https://registry.npmjs.org/minimatch 62ms (cache revalidated)
193 silly packumentCache corgi:https://registry.npmjs.org/minimatch set size:168441 disposed:false
194 http fetch GET 200 https://registry.npmjs.org/@types/canvas-confetti/-/canvas-confetti-1.9.0.tgz 325ms (cache miss)
195 http fetch GET 200 https://registry.npmjs.org/react-intersection-observer/-/react-intersection-observer-10.0.3.tgz 327ms (cache miss)
196 http fetch GET 200 https://registry.npmjs.org/@types/node/-/node-24.12.2.tgz 553ms (cache miss)
197 silly ADD node_modules/react-intersection-observer
198 silly ADD node_modules/mini-svg-data-uri
199 silly ADD node_modules/canvas-confetti
200 silly ADD node_modules/@types/canvas-confetti
201 silly REMOVE node_modules/eslint/node_modules/acorn
202 silly CHANGE node_modules/acorn
203 silly CHANGE node_modules/@types/node
204 verbose cwd /Users/say10/Documents/AI Projects/AI Projects/Coffee Ai Oportunidades/crak-landing
205 verbose os Darwin 25.4.0
206 verbose node v24.14.0
207 verbose npm  v11.9.0
208 verbose exit 0
209 info ok
